<?xml version="1.0" encoding="UTF-8"?>
<!-- Generated by org.testng.reporters.JUnitXMLReporter -->
<testsuite ignored="0" hostname="ATMECSINLT-601" failures="0" tests="5" name="ChromeTest" time="133.394" errors="0" timestamp="2020-12-08T16:06:11 IST">
  <testcase classname="com.atmecs.practise.testscript.ContactUsTest" name="contactUs" time="5.416"/>
  <testcase classname="com.atmecs.practise.testscript.ContactUsTest" name="contactUs" time="4.186"/>
  <testcase classname="com.atmecs.practise.testscript.ContactUsTest" name="contactUs" time="5.605"/>
  <testcase classname="com.atmecs.practise.testscript.ContactUsTest" name="contactUs" time="3.738"/>
  <testcase classname="com.atmecs.practise.testscript.ContactUsTest" name="contactUs" time="4.143"/>
</testsuite> <!-- ChromeTest -->
