<html>
<head>
<title>TestNG:  ChromeTest</title>
<link href="../testng.css" rel="stylesheet" type="text/css" />
<link href="../my-testng.css" rel="stylesheet" type="text/css" />

<style type="text/css">
.log { display: none;} 
.stack-trace { display: none;} 
</style>
<script type="text/javascript">
<!--
function flip(e) {
  current = e.style.display;
  if (current == 'block') {
    e.style.display = 'none';
    return 0;
  }
  else {
    e.style.display = 'block';
    return 1;
  }
}

function toggleBox(szDivId, elem, msg1, msg2)
{
  var res = -1;  if (document.getElementById) {
    res = flip(document.getElementById(szDivId));
  }
  else if (document.all) {
    // this is the way old msie versions work
    res = flip(document.all[szDivId]);
  }
  if(elem) {
    if(res == 0) elem.innerHTML = msg1; else elem.innerHTML = msg2;
  }

}

function toggleAllBoxes() {
  if (document.getElementsByTagName) {
    d = document.getElementsByTagName('div');
    for (i = 0; i < d.length; i++) {
      if (d[i].className == 'log') {
        flip(d[i]);
      }
    }
  }
}

// -->
</script>

</head>
<body>
<h2 align='center'>ChromeTest</h2><table border='1' align="center">
<tr>
<td>Tests passed/Failed/Skipped:</td><td>10/0/0</td>
</tr><tr>
<td>Started on:</td><td>Thu Dec 10 11:30:57 IST 2020</td>
</tr>
<tr><td>Total time:</td><td>994 seconds (994299 ms)</td>
</tr><tr>
<td>Included groups:</td><td></td>
</tr><tr>
<td>Excluded groups:</td><td></td>
</tr>
</table><p/>
<small><i>(Hover the method name to see the test class name)</i></small><p/>
<table width='100%' border='1' class='invocation-failed'>
<tr><td colspan='4' align='center'><b>FAILED CONFIGURATIONS</b></td></tr>
<tr><td><b>Test method</b></td>
<td width="30%"><b>Exception</b></td>
<td width="10%"><b>Time (seconds)</b></td>
<td><b>Instance</b></td>
</tr>
<tr>
<td title='com.atmecs.practise.testscript.ContactUsTest.beforeMethod()'><b>beforeMethod</b><br>Test class: com.atmecs.practise.testscript.ContactUsTest<br>Parameters: firefox</td>
<td><div><pre>org.openqa.selenium.WebDriverException: Reached error page: about:neterror?e=netTimeout&amp;u=http%3A//automationpractice.com/index.php&amp;c=UTF-8&amp;d=The%20server%20at%20automationpractice.com%20is%20taking%20too%20long%20to%20respond.
Build info: version: &apos;3.141.59&apos;, revision: &apos;e82be7d358&apos;, time: &apos;2018-11-14T08:17:03&apos;
System info: host: &apos;ATMECSINLT-601&apos;, ip: &apos;192.168.163.1&apos;, os.name: &apos;Windows 10&apos;, os.arch: &apos;amd64&apos;, os.version: &apos;10.0&apos;, java.version: &apos;14.0.1&apos;
Driver info: org.openqa.selenium.firefox.FirefoxDriver
Capabilities {acceptInsecureCerts: true, browserName: firefox, browserVersion: 83.0, javascriptEnabled: true, moz:accessibilityChecks: false, moz:buildID: 20201112153044, moz:geckodriverVersion: 0.28.0, moz:headless: false, moz:processID: 14180, moz:profile: C:\Users\alfin.anthonyraj\A..., moz:shutdownTimeout: 60000, moz:useNonSpecCompliantPointerOrigin: false, moz:webdriverClick: true, pageLoadStrategy: normal, platform: WINDOWS, platformName: WINDOWS, platformVersion: 10.0, rotatable: false, setWindowRect: true, strictFileInteractability: false, timeouts: {implicit: 0, pageLoad: 300000, script: 30000}, unhandledPromptBehavior: dismiss and notify}
Session ID: f226ca72-46cc-416e-8e87-c0b91c5488d5
	at org.openqa.selenium.remote.http.W3CHttpResponseCodec.createException(W3CHttpResponseCodec.java:187)
	at org.openqa.selenium.remote.http.W3CHttpResponseCodec.decode(W3CHttpResponseCodec.java:122)
	at org.openqa.selenium.remote.http.W3CHttpResponseCodec.decode(W3CHttpResponseCodec.java:49)
	at org.openqa.selenium.remote.HttpCommandExecutor.execute(HttpCommandExecutor.java:158)
	at org.openqa.selenium.remote.service.DriverCommandExecutor.execute(DriverCommandExecutor.java:83)
	at org.openqa.selenium.remote.RemoteWebDriver.execute(RemoteWebDriver.java:552)
	at org.openqa.selenium.remote.RemoteWebDriver.get(RemoteWebDriver.java:277)
	at com.atmecs.practise.page.BasePage.beforeMethod(BasePage.java:55)
	at java.base/java.util.ArrayList.forEach(ArrayList.java:1510)
	at java.base/java.util.concurrent.FutureTask.run(FutureTask.java:264)
	at java.base/java.util.concurrent.ThreadPoolExecutor.runWorker(ThreadPoolExecutor.java:1130)
	at java.base/java.util.concurrent.ThreadPoolExecutor$Worker.run(ThreadPoolExecutor.java:630)
	at java.base/java.lang.Thread.run(Thread.java:832)
... Removed 27 stack frames</pre></div><a href='#' onClick='toggleBox("stack-trace809234531", this, "Click to show all stack frames", "Click to hide stack frames")'>Click to show all stack frames</a>
<div class='stack-trace' id='stack-trace809234531'><pre>org.openqa.selenium.WebDriverException: Reached error page: about:neterror?e=netTimeout&amp;u=http%3A//automationpractice.com/index.php&amp;c=UTF-8&amp;d=The%20server%20at%20automationpractice.com%20is%20taking%20too%20long%20to%20respond.
Build info: version: &apos;3.141.59&apos;, revision: &apos;e82be7d358&apos;, time: &apos;2018-11-14T08:17:03&apos;
System info: host: &apos;ATMECSINLT-601&apos;, ip: &apos;192.168.163.1&apos;, os.name: &apos;Windows 10&apos;, os.arch: &apos;amd64&apos;, os.version: &apos;10.0&apos;, java.version: &apos;14.0.1&apos;
Driver info: org.openqa.selenium.firefox.FirefoxDriver
Capabilities {acceptInsecureCerts: true, browserName: firefox, browserVersion: 83.0, javascriptEnabled: true, moz:accessibilityChecks: false, moz:buildID: 20201112153044, moz:geckodriverVersion: 0.28.0, moz:headless: false, moz:processID: 14180, moz:profile: C:\Users\alfin.anthonyraj\A..., moz:shutdownTimeout: 60000, moz:useNonSpecCompliantPointerOrigin: false, moz:webdriverClick: true, pageLoadStrategy: normal, platform: WINDOWS, platformName: WINDOWS, platformVersion: 10.0, rotatable: false, setWindowRect: true, strictFileInteractability: false, timeouts: {implicit: 0, pageLoad: 300000, script: 30000}, unhandledPromptBehavior: dismiss and notify}
Session ID: f226ca72-46cc-416e-8e87-c0b91c5488d5
	at java.base/jdk.internal.reflect.NativeConstructorAccessorImpl.newInstance0(Native Method)
	at java.base/jdk.internal.reflect.NativeConstructorAccessorImpl.newInstance(NativeConstructorAccessorImpl.java:62)
	at java.base/jdk.internal.reflect.DelegatingConstructorAccessorImpl.newInstance(DelegatingConstructorAccessorImpl.java:45)
	at java.base/java.lang.reflect.Constructor.newInstanceWithCaller(Constructor.java:500)
	at java.base/java.lang.reflect.Constructor.newInstance(Constructor.java:481)
	at org.openqa.selenium.remote.http.W3CHttpResponseCodec.createException(W3CHttpResponseCodec.java:187)
	at org.openqa.selenium.remote.http.W3CHttpResponseCodec.decode(W3CHttpResponseCodec.java:122)
	at org.openqa.selenium.remote.http.W3CHttpResponseCodec.decode(W3CHttpResponseCodec.java:49)
	at org.openqa.selenium.remote.HttpCommandExecutor.execute(HttpCommandExecutor.java:158)
	at org.openqa.selenium.remote.service.DriverCommandExecutor.execute(DriverCommandExecutor.java:83)
	at org.openqa.selenium.remote.RemoteWebDriver.execute(RemoteWebDriver.java:552)
	at org.openqa.selenium.remote.RemoteWebDriver.get(RemoteWebDriver.java:277)
	at com.atmecs.practise.page.BasePage.beforeMethod(BasePage.java:55)
	at java.base/jdk.internal.reflect.NativeMethodAccessorImpl.invoke0(Native Method)
	at java.base/jdk.internal.reflect.NativeMethodAccessorImpl.invoke(NativeMethodAccessorImpl.java:62)
	at java.base/jdk.internal.reflect.DelegatingMethodAccessorImpl.invoke(DelegatingMethodAccessorImpl.java:43)
	at java.base/java.lang.reflect.Method.invoke(Method.java:564)
	at org.testng.internal.MethodInvocationHelper.invokeMethod(MethodInvocationHelper.java:132)
	at org.testng.internal.MethodInvocationHelper.invokeMethodConsideringTimeout(MethodInvocationHelper.java:61)
	at org.testng.internal.ConfigInvoker.invokeConfigurationMethod(ConfigInvoker.java:366)
	at org.testng.internal.ConfigInvoker.invokeConfigurations(ConfigInvoker.java:320)
	at org.testng.internal.TestInvoker.runConfigMethods(TestInvoker.java:701)
	at org.testng.internal.TestInvoker.invokeMethod(TestInvoker.java:527)
	at org.testng.internal.TestInvoker.invokeTestMethod(TestInvoker.java:174)
	at org.testng.internal.MethodRunner.runInSequence(MethodRunner.java:46)
	at org.testng.internal.TestInvoker$MethodInvocationAgent.invoke(TestInvoker.java:822)
	at org.testng.internal.TestInvoker.invokeTestMethods(TestInvoker.java:147)
	at org.testng.internal.TestMethodWorker.invokeTestMethods(TestMethodWorker.java:146)
	at org.testng.internal.TestMethodWorker.run(TestMethodWorker.java:128)
	at java.base/java.util.ArrayList.forEach(ArrayList.java:1510)
	at org.testng.TestRunner.privateRun(TestRunner.java:764)
	at org.testng.TestRunner.run(TestRunner.java:585)
	at org.testng.SuiteRunner.runTest(SuiteRunner.java:384)
	at org.testng.SuiteRunner.access$000(SuiteRunner.java:28)
	at org.testng.SuiteRunner$SuiteWorker.run(SuiteRunner.java:425)
	at org.testng.internal.thread.ThreadUtil.lambda$execute$0(ThreadUtil.java:66)
	at java.base/java.util.concurrent.FutureTask.run(FutureTask.java:264)
	at java.base/java.util.concurrent.ThreadPoolExecutor.runWorker(ThreadPoolExecutor.java:1130)
	at java.base/java.util.concurrent.ThreadPoolExecutor$Worker.run(ThreadPoolExecutor.java:630)
	at java.base/java.lang.Thread.run(Thread.java:832)
</pre></div></td>
<td>27</td>
<td>com.atmecs.practise.testscript.ContactUsTest@23f7d05d</td></tr>
<tr>
<td title='com.atmecs.practise.testscript.SearchProductTest.afterMethod()'><b>afterMethod</b><br>Test class: com.atmecs.practise.testscript.SearchProductTest</td>
<td><div><pre>org.openqa.selenium.NoSuchSessionException: Tried to run command without establishing a connection
Build info: version: &apos;3.141.59&apos;, revision: &apos;e82be7d358&apos;, time: &apos;2018-11-14T08:17:03&apos;
System info: host: &apos;ATMECSINLT-601&apos;, ip: &apos;192.168.163.1&apos;, os.name: &apos;Windows 10&apos;, os.arch: &apos;amd64&apos;, os.version: &apos;10.0&apos;, java.version: &apos;14.0.1&apos;
Driver info: org.openqa.selenium.firefox.FirefoxDriver
Capabilities {acceptInsecureCerts: true, browserName: firefox, browserVersion: 83.0, javascriptEnabled: true, moz:accessibilityChecks: false, moz:buildID: 20201112153044, moz:geckodriverVersion: 0.28.0, moz:headless: false, moz:processID: 9180, moz:profile: C:\Users\alfin.anthonyraj\A..., moz:shutdownTimeout: 60000, moz:useNonSpecCompliantPointerOrigin: false, moz:webdriverClick: true, pageLoadStrategy: normal, platform: WINDOWS, platformName: WINDOWS, platformVersion: 10.0, rotatable: false, setWindowRect: true, strictFileInteractability: false, timeouts: {implicit: 0, pageLoad: 300000, script: 30000}, unhandledPromptBehavior: dismiss and notify}
Session ID: ede64af5-688a-4d83-a3ab-631f355b2ad3
	at org.openqa.selenium.remote.http.W3CHttpResponseCodec.createException(W3CHttpResponseCodec.java:187)
	at org.openqa.selenium.remote.http.W3CHttpResponseCodec.decode(W3CHttpResponseCodec.java:122)
	at org.openqa.selenium.remote.http.W3CHttpResponseCodec.decode(W3CHttpResponseCodec.java:49)
	at org.openqa.selenium.remote.HttpCommandExecutor.execute(HttpCommandExecutor.java:158)
	at org.openqa.selenium.remote.service.DriverCommandExecutor.execute(DriverCommandExecutor.java:83)
	at org.openqa.selenium.remote.RemoteWebDriver.execute(RemoteWebDriver.java:552)
	at org.openqa.selenium.remote.RemoteWebDriver.execute(RemoteWebDriver.java:609)
	at org.openqa.selenium.remote.RemoteWebDriver.close(RemoteWebDriver.java:442)
	at com.atmecs.practise.page.BasePage.afterMethod(BasePage.java:78)
	at java.base/java.util.ArrayList.forEach(ArrayList.java:1510)
	at java.base/java.util.concurrent.FutureTask.run(FutureTask.java:264)
	at java.base/java.util.concurrent.ThreadPoolExecutor.runWorker(ThreadPoolExecutor.java:1130)
	at java.base/java.util.concurrent.ThreadPoolExecutor$Worker.run(ThreadPoolExecutor.java:630)
	at java.base/java.lang.Thread.run(Thread.java:832)
... Removed 28 stack frames</pre></div><a href='#' onClick='toggleBox("stack-trace180842378", this, "Click to show all stack frames", "Click to hide stack frames")'>Click to show all stack frames</a>
<div class='stack-trace' id='stack-trace180842378'><pre>org.openqa.selenium.NoSuchSessionException: Tried to run command without establishing a connection
Build info: version: &apos;3.141.59&apos;, revision: &apos;e82be7d358&apos;, time: &apos;2018-11-14T08:17:03&apos;
System info: host: &apos;ATMECSINLT-601&apos;, ip: &apos;192.168.163.1&apos;, os.name: &apos;Windows 10&apos;, os.arch: &apos;amd64&apos;, os.version: &apos;10.0&apos;, java.version: &apos;14.0.1&apos;
Driver info: org.openqa.selenium.firefox.FirefoxDriver
Capabilities {acceptInsecureCerts: true, browserName: firefox, browserVersion: 83.0, javascriptEnabled: true, moz:accessibilityChecks: false, moz:buildID: 20201112153044, moz:geckodriverVersion: 0.28.0, moz:headless: false, moz:processID: 9180, moz:profile: C:\Users\alfin.anthonyraj\A..., moz:shutdownTimeout: 60000, moz:useNonSpecCompliantPointerOrigin: false, moz:webdriverClick: true, pageLoadStrategy: normal, platform: WINDOWS, platformName: WINDOWS, platformVersion: 10.0, rotatable: false, setWindowRect: true, strictFileInteractability: false, timeouts: {implicit: 0, pageLoad: 300000, script: 30000}, unhandledPromptBehavior: dismiss and notify}
Session ID: ede64af5-688a-4d83-a3ab-631f355b2ad3
	at java.base/jdk.internal.reflect.NativeConstructorAccessorImpl.newInstance0(Native Method)
	at java.base/jdk.internal.reflect.NativeConstructorAccessorImpl.newInstance(NativeConstructorAccessorImpl.java:62)
	at java.base/jdk.internal.reflect.DelegatingConstructorAccessorImpl.newInstance(DelegatingConstructorAccessorImpl.java:45)
	at java.base/java.lang.reflect.Constructor.newInstanceWithCaller(Constructor.java:500)
	at java.base/java.lang.reflect.Constructor.newInstance(Constructor.java:481)
	at org.openqa.selenium.remote.http.W3CHttpResponseCodec.createException(W3CHttpResponseCodec.java:187)
	at org.openqa.selenium.remote.http.W3CHttpResponseCodec.decode(W3CHttpResponseCodec.java:122)
	at org.openqa.selenium.remote.http.W3CHttpResponseCodec.decode(W3CHttpResponseCodec.java:49)
	at org.openqa.selenium.remote.HttpCommandExecutor.execute(HttpCommandExecutor.java:158)
	at org.openqa.selenium.remote.service.DriverCommandExecutor.execute(DriverCommandExecutor.java:83)
	at org.openqa.selenium.remote.RemoteWebDriver.execute(RemoteWebDriver.java:552)
	at org.openqa.selenium.remote.RemoteWebDriver.execute(RemoteWebDriver.java:609)
	at org.openqa.selenium.remote.RemoteWebDriver.close(RemoteWebDriver.java:442)
	at com.atmecs.practise.page.BasePage.afterMethod(BasePage.java:78)
	at java.base/jdk.internal.reflect.NativeMethodAccessorImpl.invoke0(Native Method)
	at java.base/jdk.internal.reflect.NativeMethodAccessorImpl.invoke(NativeMethodAccessorImpl.java:62)
	at java.base/jdk.internal.reflect.DelegatingMethodAccessorImpl.invoke(DelegatingMethodAccessorImpl.java:43)
	at java.base/java.lang.reflect.Method.invoke(Method.java:564)
	at org.testng.internal.MethodInvocationHelper.invokeMethod(MethodInvocationHelper.java:132)
	at org.testng.internal.MethodInvocationHelper.invokeMethodConsideringTimeout(MethodInvocationHelper.java:61)
	at org.testng.internal.ConfigInvoker.invokeConfigurationMethod(ConfigInvoker.java:366)
	at org.testng.internal.ConfigInvoker.invokeConfigurations(ConfigInvoker.java:320)
	at org.testng.internal.TestInvoker.runConfigMethods(TestInvoker.java:701)
	at org.testng.internal.TestInvoker.runAfterGroupsConfigurations(TestInvoker.java:677)
	at org.testng.internal.TestInvoker.invokeMethod(TestInvoker.java:661)
	at org.testng.internal.TestInvoker.invokeTestMethod(TestInvoker.java:174)
	at org.testng.internal.MethodRunner.runInSequence(MethodRunner.java:46)
	at org.testng.internal.TestInvoker$MethodInvocationAgent.invoke(TestInvoker.java:822)
	at org.testng.internal.TestInvoker.invokeTestMethods(TestInvoker.java:147)
	at org.testng.internal.TestMethodWorker.invokeTestMethods(TestMethodWorker.java:146)
	at org.testng.internal.TestMethodWorker.run(TestMethodWorker.java:128)
	at java.base/java.util.ArrayList.forEach(ArrayList.java:1510)
	at org.testng.TestRunner.privateRun(TestRunner.java:764)
	at org.testng.TestRunner.run(TestRunner.java:585)
	at org.testng.SuiteRunner.runTest(SuiteRunner.java:384)
	at org.testng.SuiteRunner.access$000(SuiteRunner.java:28)
	at org.testng.SuiteRunner$SuiteWorker.run(SuiteRunner.java:425)
	at org.testng.internal.thread.ThreadUtil.lambda$execute$0(ThreadUtil.java:66)
	at java.base/java.util.concurrent.FutureTask.run(FutureTask.java:264)
	at java.base/java.util.concurrent.ThreadPoolExecutor.runWorker(ThreadPoolExecutor.java:1130)
	at java.base/java.util.concurrent.ThreadPoolExecutor$Worker.run(ThreadPoolExecutor.java:630)
	at java.base/java.lang.Thread.run(Thread.java:832)
</pre></div></td>
<td>3</td>
<td>com.atmecs.practise.testscript.SearchProductTest@23986957</td></tr>
</table><p>
<table width='100%' border='1' class='invocation-skipped'>
<tr><td colspan='4' align='center'><b>SKIPPED CONFIGURATIONS</b></td></tr>
<tr><td><b>Test method</b></td>
<td width="30%"><b>Exception</b></td>
<td width="10%"><b>Time (seconds)</b></td>
<td><b>Instance</b></td>
</tr>
<tr>
<td title='com.atmecs.practise.testscript.SearchProductTest.beforeMethod()'><b>beforeMethod</b><br>Test class: com.atmecs.practise.testscript.SearchProductTest</td>
<td></td>
<td>-1607580180</td>
<td>com.atmecs.practise.testscript.SearchProductTest@23986957</td></tr>
<tr>
<td title='com.atmecs.practise.testscript.SearchProductTest.beforeMethod()'><b>beforeMethod</b><br>Test class: com.atmecs.practise.testscript.SearchProductTest</td>
<td></td>
<td>-1607580180</td>
<td>com.atmecs.practise.testscript.SearchProductTest@23986957</td></tr>
<tr>
<td title='com.atmecs.practise.testscript.SearchProductTest.beforeMethod()'><b>beforeMethod</b><br>Test class: com.atmecs.practise.testscript.SearchProductTest</td>
<td></td>
<td>-1607580180</td>
<td>com.atmecs.practise.testscript.SearchProductTest@23986957</td></tr>
<tr>
<td title='com.atmecs.practise.testscript.SearchProductTest.beforeMethod()'><b>beforeMethod</b><br>Test class: com.atmecs.practise.testscript.SearchProductTest</td>
<td></td>
<td>-1607580180</td>
<td>com.atmecs.practise.testscript.SearchProductTest@23986957</td></tr>
<tr>
<td title='com.atmecs.practise.testscript.ContactUsTest.beforeMethod()'><b>beforeMethod</b><br>Test class: com.atmecs.practise.testscript.ContactUsTest</td>
<td></td>
<td>-1607580208</td>
<td>com.atmecs.practise.testscript.ContactUsTest@23f7d05d</td></tr>
<tr>
<td title='com.atmecs.practise.testscript.ContactUsTest.beforeMethod()'><b>beforeMethod</b><br>Test class: com.atmecs.practise.testscript.ContactUsTest</td>
<td></td>
<td>-1607580208</td>
<td>com.atmecs.practise.testscript.ContactUsTest@23f7d05d</td></tr>
<tr>
<td title='com.atmecs.practise.testscript.ContactUsTest.beforeMethod()'><b>beforeMethod</b><br>Test class: com.atmecs.practise.testscript.ContactUsTest</td>
<td></td>
<td>-1607580208</td>
<td>com.atmecs.practise.testscript.ContactUsTest@23f7d05d</td></tr>
<tr>
<td title='com.atmecs.practise.testscript.ContactUsTest.beforeMethod()'><b>beforeMethod</b><br>Test class: com.atmecs.practise.testscript.ContactUsTest</td>
<td></td>
<td>-1607580208</td>
<td>com.atmecs.practise.testscript.ContactUsTest@23f7d05d</td></tr>
<tr>
<td title='com.atmecs.practise.testscript.SearchProductTest.afterMethod()'><b>afterMethod</b><br>Test class: com.atmecs.practise.testscript.SearchProductTest</td>
<td></td>
<td>-1607580180</td>
<td>com.atmecs.practise.testscript.SearchProductTest@23986957</td></tr>
<tr>
<td title='com.atmecs.practise.testscript.SearchProductTest.afterMethod()'><b>afterMethod</b><br>Test class: com.atmecs.practise.testscript.SearchProductTest</td>
<td></td>
<td>-1607580180</td>
<td>com.atmecs.practise.testscript.SearchProductTest@23986957</td></tr>
<tr>
<td title='com.atmecs.practise.testscript.SearchProductTest.afterMethod()'><b>afterMethod</b><br>Test class: com.atmecs.practise.testscript.SearchProductTest</td>
<td></td>
<td>-1607580180</td>
<td>com.atmecs.practise.testscript.SearchProductTest@23986957</td></tr>
<tr>
<td title='com.atmecs.practise.testscript.SearchProductTest.afterMethod()'><b>afterMethod</b><br>Test class: com.atmecs.practise.testscript.SearchProductTest</td>
<td></td>
<td>-1607580180</td>
<td>com.atmecs.practise.testscript.SearchProductTest@23986957</td></tr>
<tr>
<td title='com.atmecs.practise.testscript.ContactUsTest.afterMethod()'><b>afterMethod</b><br>Test class: com.atmecs.practise.testscript.ContactUsTest</td>
<td></td>
<td>-1607580208</td>
<td>com.atmecs.practise.testscript.ContactUsTest@23f7d05d</td></tr>
<tr>
<td title='com.atmecs.practise.testscript.ContactUsTest.afterMethod()'><b>afterMethod</b><br>Test class: com.atmecs.practise.testscript.ContactUsTest</td>
<td></td>
<td>-1607580208</td>
<td>com.atmecs.practise.testscript.ContactUsTest@23f7d05d</td></tr>
<tr>
<td title='com.atmecs.practise.testscript.ContactUsTest.afterMethod()'><b>afterMethod</b><br>Test class: com.atmecs.practise.testscript.ContactUsTest</td>
<td></td>
<td>-1607580208</td>
<td>com.atmecs.practise.testscript.ContactUsTest@23f7d05d</td></tr>
<tr>
<td title='com.atmecs.practise.testscript.ContactUsTest.afterMethod()'><b>afterMethod</b><br>Test class: com.atmecs.practise.testscript.ContactUsTest</td>
<td></td>
<td>-1607580208</td>
<td>com.atmecs.practise.testscript.ContactUsTest@23f7d05d</td></tr>
<tr>
<td title='com.atmecs.practise.testscript.ContactUsTest.afterMethod()'><b>afterMethod</b><br>Test class: com.atmecs.practise.testscript.ContactUsTest</td>
<td></td>
<td>-1607580208</td>
<td>com.atmecs.practise.testscript.ContactUsTest@23f7d05d</td></tr>
</table><p>
<table width='100%' border='1' class='invocation-passed'>
<tr><td colspan='4' align='center'><b>PASSED TESTS</b></td></tr>
<tr><td><b>Test method</b></td>
<td width="30%"><b>Exception</b></td>
<td width="10%"><b>Time (seconds)</b></td>
<td><b>Instance</b></td>
</tr>
<tr>
<td title='com.atmecs.practise.testscript.ContactUsTest.contactUs()'><b>contactUs</b><br>Test class: com.atmecs.practise.testscript.ContactUsTest<br>Parameters: abc@gmail.com, abc</td>
<td></td>
<td>5</td>
<td>com.atmecs.practise.testscript.ContactUsTest@1a0dcaa</td></tr>
<tr>
<td title='com.atmecs.practise.testscript.ContactUsTest.contactUs()'><b>contactUs</b><br>Test class: com.atmecs.practise.testscript.ContactUsTest<br>Parameters: def@gmail.com, def</td>
<td></td>
<td>5</td>
<td>com.atmecs.practise.testscript.ContactUsTest@1a0dcaa</td></tr>
<tr>
<td title='com.atmecs.practise.testscript.ContactUsTest.contactUs()'><b>contactUs</b><br>Test class: com.atmecs.practise.testscript.ContactUsTest<br>Parameters: ghi@gmail.com, ghi</td>
<td></td>
<td>5</td>
<td>com.atmecs.practise.testscript.ContactUsTest@1a0dcaa</td></tr>
<tr>
<td title='com.atmecs.practise.testscript.ContactUsTest.contactUs()'><b>contactUs</b><br>Test class: com.atmecs.practise.testscript.ContactUsTest<br>Parameters: abc@gmail.com, abc</td>
<td></td>
<td>9</td>
<td>com.atmecs.practise.testscript.ContactUsTest@1a0dcaa</td></tr>
<tr>
<td title='com.atmecs.practise.testscript.ContactUsTest.contactUs()'><b>contactUs</b><br>Test class: com.atmecs.practise.testscript.ContactUsTest<br>Parameters: def@gmail.com, def</td>
<td></td>
<td>5</td>
<td>com.atmecs.practise.testscript.ContactUsTest@1a0dcaa</td></tr>
<tr>
<td title='com.atmecs.practise.testscript.SearchProductTest.searchProduct()'><b>searchProduct</b><br>Test class: com.atmecs.practise.testscript.SearchProductTest<br>Parameters: Kurti</td>
<td></td>
<td>6</td>
<td>com.atmecs.practise.testscript.SearchProductTest@19d37183</td></tr>
<tr>
<td title='com.atmecs.practise.testscript.SearchProductTest.searchProduct()'><b>searchProduct</b><br>Test class: com.atmecs.practise.testscript.SearchProductTest<br>Parameters: Top</td>
<td></td>
<td>311</td>
<td>com.atmecs.practise.testscript.SearchProductTest@19d37183</td></tr>
<tr>
<td title='com.atmecs.practise.testscript.SearchProductTest.searchProduct()'><b>searchProduct</b><br>Test class: com.atmecs.practise.testscript.SearchProductTest<br>Parameters: Sandals</td>
<td></td>
<td>4</td>
<td>com.atmecs.practise.testscript.SearchProductTest@19d37183</td></tr>
<tr>
<td title='com.atmecs.practise.testscript.SearchProductTest.searchProduct()'><b>searchProduct</b><br>Test class: com.atmecs.practise.testscript.SearchProductTest<br>Parameters: Shoes</td>
<td></td>
<td>5</td>
<td>com.atmecs.practise.testscript.SearchProductTest@19d37183</td></tr>
<tr>
<td title='com.atmecs.practise.testscript.SearchProductTest.searchProduct()'><b>searchProduct</b><br>Test class: com.atmecs.practise.testscript.SearchProductTest<br>Parameters: dresses</td>
<td></td>
<td>4</td>
<td>com.atmecs.practise.testscript.SearchProductTest@19d37183</td></tr>
</table><p>
</body>
</html>