<?xml version="1.0" encoding="UTF-8"?>
<!-- Generated by org.testng.reporters.JUnitXMLReporter -->
<testsuite ignored="1" hostname="ATMECSINLT-601" failures="5" tests="10" name="FirefoxTest" time="241.486" errors="0" timestamp="2020-12-08T17:02:07 IST">
  <testcase classname="com.atmecs.practise.testscript.SearchProductTest" name="searchProduct" time="0.008">
    <failure type="java.lang.NullPointerException">
      <![CDATA[java.lang.NullPointerException
at com.atmecs.practise.page.SearchProductPage.searchProduct(SearchProductPage.java:30)
at com.atmecs.practise.testscript.SearchProductTest.searchProduct(SearchProductTest.java:18)
at java.base/java.util.ArrayList.forEach(ArrayList.java:1510)
at java.base/java.util.concurrent.FutureTask.run(FutureTask.java:264)
at java.base/java.util.concurrent.ThreadPoolExecutor.runWorker(ThreadPoolExecutor.java:1130)
at java.base/java.util.concurrent.ThreadPoolExecutor$Worker.run(ThreadPoolExecutor.java:630)
at java.base/java.lang.Thread.run(Thread.java:832)
... Removed 18 stack frames]]>
    </failure>
  </testcase> <!-- searchProduct -->
  <testcase classname="com.atmecs.practise.testscript.SearchProductTest" name="searchProduct" time="0.001">
    <failure type="java.lang.NullPointerException">
      <![CDATA[java.lang.NullPointerException
at com.atmecs.practise.page.SearchProductPage.searchProduct(SearchProductPage.java:30)
at com.atmecs.practise.testscript.SearchProductTest.searchProduct(SearchProductTest.java:18)
at java.base/java.util.ArrayList.forEach(ArrayList.java:1510)
at java.base/java.util.concurrent.FutureTask.run(FutureTask.java:264)
at java.base/java.util.concurrent.ThreadPoolExecutor.runWorker(ThreadPoolExecutor.java:1130)
at java.base/java.util.concurrent.ThreadPoolExecutor$Worker.run(ThreadPoolExecutor.java:630)
at java.base/java.lang.Thread.run(Thread.java:832)
... Removed 18 stack frames]]>
    </failure>
  </testcase> <!-- searchProduct -->
  <testcase classname="com.atmecs.practise.testscript.SearchProductTest" name="searchProduct" time="0.001">
    <failure type="java.lang.NullPointerException">
      <![CDATA[java.lang.NullPointerException
at com.atmecs.practise.page.SearchProductPage.searchProduct(SearchProductPage.java:30)
at com.atmecs.practise.testscript.SearchProductTest.searchProduct(SearchProductTest.java:18)
at java.base/java.util.ArrayList.forEach(ArrayList.java:1510)
at java.base/java.util.concurrent.FutureTask.run(FutureTask.java:264)
at java.base/java.util.concurrent.ThreadPoolExecutor.runWorker(ThreadPoolExecutor.java:1130)
at java.base/java.util.concurrent.ThreadPoolExecutor$Worker.run(ThreadPoolExecutor.java:630)
at java.base/java.lang.Thread.run(Thread.java:832)
... Removed 18 stack frames]]>
    </failure>
  </testcase> <!-- searchProduct -->
  <testcase classname="com.atmecs.practise.testscript.SearchProductTest" name="searchProduct" time="0.002">
    <failure type="java.lang.NullPointerException">
      <![CDATA[java.lang.NullPointerException
at com.atmecs.practise.page.SearchProductPage.searchProduct(SearchProductPage.java:30)
at com.atmecs.practise.testscript.SearchProductTest.searchProduct(SearchProductTest.java:18)
at java.base/java.util.ArrayList.forEach(ArrayList.java:1510)
at java.base/java.util.concurrent.FutureTask.run(FutureTask.java:264)
at java.base/java.util.concurrent.ThreadPoolExecutor.runWorker(ThreadPoolExecutor.java:1130)
at java.base/java.util.concurrent.ThreadPoolExecutor$Worker.run(ThreadPoolExecutor.java:630)
at java.base/java.lang.Thread.run(Thread.java:832)
... Removed 18 stack frames]]>
    </failure>
  </testcase> <!-- searchProduct -->
  <testcase classname="com.atmecs.practise.testscript.SearchProductTest" name="searchProduct" time="0.001">
    <failure type="java.lang.NullPointerException">
      <![CDATA[java.lang.NullPointerException
at com.atmecs.practise.page.SearchProductPage.searchProduct(SearchProductPage.java:30)
at com.atmecs.practise.testscript.SearchProductTest.searchProduct(SearchProductTest.java:18)
at java.base/java.util.ArrayList.forEach(ArrayList.java:1510)
at java.base/java.util.concurrent.FutureTask.run(FutureTask.java:264)
at java.base/java.util.concurrent.ThreadPoolExecutor.runWorker(ThreadPoolExecutor.java:1130)
at java.base/java.util.concurrent.ThreadPoolExecutor$Worker.run(ThreadPoolExecutor.java:630)
at java.base/java.lang.Thread.run(Thread.java:832)
... Removed 18 stack frames]]>
    </failure>
  </testcase> <!-- searchProduct -->
  <testcase classname="com.atmecs.practise.testscript.ContactUsTest" name="contactUs" time="5.729"/>
  <testcase classname="com.atmecs.practise.testscript.ContactUsTest" name="contactUs" time="6.957"/>
  <testcase classname="com.atmecs.practise.testscript.ContactUsTest" name="contactUs" time="11.432"/>
  <testcase classname="com.atmecs.practise.testscript.ContactUsTest" name="contactUs" time="6.224"/>
  <testcase classname="com.atmecs.practise.testscript.ContactUsTest" name="contactUs" time="4.143"/>
  <testcase classname="com.atmecs.practise.page.BasePage" name="@BeforeTest initBrowser" time="0.0">
    <ignored/>
  </testcase> <!-- @BeforeTest initBrowser -->
</testsuite> <!-- FirefoxTest -->
