<?xml version="1.0" encoding="UTF-8"?>
<!-- Generated by org.testng.reporters.JUnitXMLReporter -->
<testsuite ignored="1" hostname="ATMECSINLT-601" failures="0" tests="10" name="FirefoxTest" time="254.578" errors="0" timestamp="2020-12-09T16:34:24 IST">
  <testcase classname="com.atmecs.practise.testscript.SearchProductTest" name="searchProduct" time="3.265"/>
  <testcase classname="com.atmecs.practise.testscript.SearchProductTest" name="searchProduct" time="3.408"/>
  <testcase classname="com.atmecs.practise.testscript.SearchProductTest" name="searchProduct" time="2.574"/>
  <testcase classname="com.atmecs.practise.testscript.SearchProductTest" name="searchProduct" time="3.479"/>
  <testcase classname="com.atmecs.practise.testscript.SearchProductTest" name="searchProduct" time="2.937"/>
  <testcase classname="com.atmecs.practise.testscript.ContactUsTest" name="contactUs" time="5.17"/>
  <testcase classname="com.atmecs.practise.testscript.ContactUsTest" name="contactUs" time="5.262"/>
  <testcase classname="com.atmecs.practise.testscript.ContactUsTest" name="contactUs" time="4.507"/>
  <testcase classname="com.atmecs.practise.testscript.ContactUsTest" name="contactUs" time="5.589"/>
  <testcase classname="com.atmecs.practise.testscript.ContactUsTest" name="contactUs" time="5.559"/>
  <testcase classname="com.atmecs.practise.page.BasePage" name="@BeforeTest initBrowser" time="0.0">
    <ignored/>
  </testcase> <!-- @BeforeTest initBrowser -->
</testsuite> <!-- FirefoxTest -->
