<?xml version="1.0" encoding="UTF-8"?>
<!-- Generated by org.testng.reporters.JUnitXMLReporter -->
<testsuite ignored="0" hostname="ATMECSINLT-601" failures="0" tests="5" name="FirefoxTest" time="130.708" errors="0" timestamp="2020-12-08T16:06:09 IST">
  <testcase classname="com.atmecs.practise.testscript.ContactUsTest" name="contactUs" time="8.566"/>
  <testcase classname="com.atmecs.practise.testscript.ContactUsTest" name="contactUs" time="4.397"/>
  <testcase classname="com.atmecs.practise.testscript.ContactUsTest" name="contactUs" time="6.504"/>
  <testcase classname="com.atmecs.practise.testscript.ContactUsTest" name="contactUs" time="4.299"/>
  <testcase classname="com.atmecs.practise.testscript.ContactUsTest" name="contactUs" time="4.191"/>
</testsuite> <!-- FirefoxTest -->
