<?xml version="1.0" encoding="UTF-8"?>
<!-- Generated by org.testng.reporters.JUnitXMLReporter -->
<testsuite ignored="1" hostname="ATMECSINLT-601" failures="0" tests="10" name="FirefoxTest" time="235.671" errors="0" timestamp="2020-12-08T18:41:16 IST">
  <testcase classname="com.atmecs.practise.testscript.SearchProductTest" name="searchProduct" time="3.95"/>
  <testcase classname="com.atmecs.practise.testscript.SearchProductTest" name="searchProduct" time="3.561"/>
  <testcase classname="com.atmecs.practise.testscript.SearchProductTest" name="searchProduct" time="4.963"/>
  <testcase classname="com.atmecs.practise.testscript.SearchProductTest" name="searchProduct" time="2.918"/>
  <testcase classname="com.atmecs.practise.testscript.SearchProductTest" name="searchProduct" time="2.639"/>
  <testcase classname="com.atmecs.practise.testscript.ContactUsTest" name="contactUs" time="5.268"/>
  <testcase classname="com.atmecs.practise.testscript.ContactUsTest" name="contactUs" time="4.908"/>
  <testcase classname="com.atmecs.practise.testscript.ContactUsTest" name="contactUs" time="5.785"/>
  <testcase classname="com.atmecs.practise.testscript.ContactUsTest" name="contactUs" time="4.022"/>
  <testcase classname="com.atmecs.practise.testscript.ContactUsTest" name="contactUs" time="6.416"/>
  <testcase classname="com.atmecs.practise.page.BasePage" name="@BeforeTest initBrowser" time="0.0">
    <ignored/>
  </testcase> <!-- @BeforeTest initBrowser -->
</testsuite> <!-- FirefoxTest -->
