<?xml version="1.0" encoding="UTF-8"?>
<testng-results ignored="2" total="14" passed="10" failed="2" skipped="0">
  <reporter-output>
  </reporter-output>
  <suite started-at="2020-12-08T16:51:52 IST" name="Suite" finished-at="2020-12-08T16:54:15 IST" duration-ms="142900">
    <groups>
    </groups>
    <test started-at="2020-12-08T16:51:52 IST" name="ChromeTest" finished-at="2020-12-08T16:54:01 IST" duration-ms="129264">
      <class name="com.atmecs.practise.testscript.ContactUsTest">
        <test-method is-config="true" signature="beforeMethod(java.lang.String)[pri:0, instance:com.atmecs.practise.testscript.ContactUsTest@3b2cf7ab]" started-at="2020-12-08T16:51:58 IST" name="beforeMethod" finished-at="2020-12-08T16:52:15 IST" duration-ms="17872" status="PASS">
          <params>
            <param index="0">
              <value>
                <![CDATA[chrome]]>
              </value>
            </param>
          </params>
          <reporter-output>
          </reporter-output>
        </test-method> <!-- beforeMethod -->
        <test-method signature="contactUs(java.lang.String, java.lang.String)[pri:0, instance:com.atmecs.practise.testscript.ContactUsTest@3b2cf7ab]" started-at="2020-12-08T16:52:15 IST" name="contactUs" data-provider="testData" finished-at="2020-12-08T16:52:22 IST" duration-ms="6251" status="PASS">
          <params>
            <param index="0">
              <value>
                <![CDATA[abc@gmail.com]]>
              </value>
            </param>
            <param index="1">
              <value>
                <![CDATA[abc]]>
              </value>
            </param>
          </params>
          <reporter-output>
          </reporter-output>
        </test-method> <!-- contactUs -->
        <test-method is-config="true" signature="afterMethod()[pri:0, instance:com.atmecs.practise.testscript.ContactUsTest@3b2cf7ab]" started-at="2020-12-08T16:52:22 IST" name="afterMethod" finished-at="2020-12-08T16:52:24 IST" duration-ms="1832" status="PASS">
          <reporter-output>
          </reporter-output>
        </test-method> <!-- afterMethod -->
        <test-method is-config="true" signature="beforeMethod(java.lang.String)[pri:0, instance:com.atmecs.practise.testscript.ContactUsTest@3b2cf7ab]" started-at="2020-12-08T16:52:24 IST" name="beforeMethod" finished-at="2020-12-08T16:52:46 IST" duration-ms="22423" status="PASS">
          <params>
            <param index="0">
              <value>
                <![CDATA[chrome]]>
              </value>
            </param>
          </params>
          <reporter-output>
          </reporter-output>
        </test-method> <!-- beforeMethod -->
        <test-method signature="contactUs(java.lang.String, java.lang.String)[pri:0, instance:com.atmecs.practise.testscript.ContactUsTest@3b2cf7ab]" started-at="2020-12-08T16:52:46 IST" name="contactUs" data-provider="testData" finished-at="2020-12-08T16:52:52 IST" duration-ms="5776" status="PASS">
          <params>
            <param index="0">
              <value>
                <![CDATA[def@gmail.com]]>
              </value>
            </param>
            <param index="1">
              <value>
                <![CDATA[def]]>
              </value>
            </param>
          </params>
          <reporter-output>
          </reporter-output>
        </test-method> <!-- contactUs -->
        <test-method is-config="true" signature="afterMethod()[pri:0, instance:com.atmecs.practise.testscript.ContactUsTest@3b2cf7ab]" started-at="2020-12-08T16:52:52 IST" name="afterMethod" finished-at="2020-12-08T16:52:53 IST" duration-ms="1233" status="PASS">
          <reporter-output>
          </reporter-output>
        </test-method> <!-- afterMethod -->
        <test-method is-config="true" signature="beforeMethod(java.lang.String)[pri:0, instance:com.atmecs.practise.testscript.ContactUsTest@3b2cf7ab]" started-at="2020-12-08T16:52:53 IST" name="beforeMethod" finished-at="2020-12-08T16:53:12 IST" duration-ms="19445" status="PASS">
          <params>
            <param index="0">
              <value>
                <![CDATA[chrome]]>
              </value>
            </param>
          </params>
          <reporter-output>
          </reporter-output>
        </test-method> <!-- beforeMethod -->
        <test-method signature="contactUs(java.lang.String, java.lang.String)[pri:0, instance:com.atmecs.practise.testscript.ContactUsTest@3b2cf7ab]" started-at="2020-12-08T16:53:12 IST" name="contactUs" data-provider="testData" finished-at="2020-12-08T16:53:16 IST" duration-ms="3899" status="PASS">
          <params>
            <param index="0">
              <value>
                <![CDATA[ghi@gmail.com]]>
              </value>
            </param>
            <param index="1">
              <value>
                <![CDATA[ghi]]>
              </value>
            </param>
          </params>
          <reporter-output>
          </reporter-output>
        </test-method> <!-- contactUs -->
        <test-method is-config="true" signature="afterMethod()[pri:0, instance:com.atmecs.practise.testscript.ContactUsTest@3b2cf7ab]" started-at="2020-12-08T16:53:16 IST" name="afterMethod" finished-at="2020-12-08T16:53:17 IST" duration-ms="620" status="PASS">
          <reporter-output>
          </reporter-output>
        </test-method> <!-- afterMethod -->
        <test-method is-config="true" signature="beforeMethod(java.lang.String)[pri:0, instance:com.atmecs.practise.testscript.ContactUsTest@3b2cf7ab]" started-at="2020-12-08T16:53:17 IST" name="beforeMethod" finished-at="2020-12-08T16:53:38 IST" duration-ms="20634" status="PASS">
          <params>
            <param index="0">
              <value>
                <![CDATA[chrome]]>
              </value>
            </param>
          </params>
          <reporter-output>
          </reporter-output>
        </test-method> <!-- beforeMethod -->
        <test-method signature="contactUs(java.lang.String, java.lang.String)[pri:0, instance:com.atmecs.practise.testscript.ContactUsTest@3b2cf7ab]" started-at="2020-12-08T16:53:38 IST" name="contactUs" data-provider="testData" finished-at="2020-12-08T16:53:41 IST" duration-ms="3506" status="PASS">
          <params>
            <param index="0">
              <value>
                <![CDATA[abc@gmail.com]]>
              </value>
            </param>
            <param index="1">
              <value>
                <![CDATA[abc]]>
              </value>
            </param>
          </params>
          <reporter-output>
          </reporter-output>
        </test-method> <!-- contactUs -->
        <test-method is-config="true" signature="afterMethod()[pri:0, instance:com.atmecs.practise.testscript.ContactUsTest@3b2cf7ab]" started-at="2020-12-08T16:53:41 IST" name="afterMethod" finished-at="2020-12-08T16:53:41 IST" duration-ms="200" status="PASS">
          <reporter-output>
          </reporter-output>
        </test-method> <!-- afterMethod -->
        <test-method is-config="true" signature="beforeMethod(java.lang.String)[pri:0, instance:com.atmecs.practise.testscript.ContactUsTest@3b2cf7ab]" started-at="2020-12-08T16:53:41 IST" name="beforeMethod" finished-at="2020-12-08T16:53:57 IST" duration-ms="15424" status="PASS">
          <params>
            <param index="0">
              <value>
                <![CDATA[chrome]]>
              </value>
            </param>
          </params>
          <reporter-output>
          </reporter-output>
        </test-method> <!-- beforeMethod -->
        <test-method signature="contactUs(java.lang.String, java.lang.String)[pri:0, instance:com.atmecs.practise.testscript.ContactUsTest@3b2cf7ab]" started-at="2020-12-08T16:53:57 IST" name="contactUs" data-provider="testData" finished-at="2020-12-08T16:54:01 IST" duration-ms="4022" status="PASS">
          <params>
            <param index="0">
              <value>
                <![CDATA[def@gmail.com]]>
              </value>
            </param>
            <param index="1">
              <value>
                <![CDATA[def]]>
              </value>
            </param>
          </params>
          <reporter-output>
          </reporter-output>
        </test-method> <!-- contactUs -->
        <test-method is-config="true" signature="afterMethod()[pri:0, instance:com.atmecs.practise.testscript.ContactUsTest@3b2cf7ab]" started-at="2020-12-08T16:54:01 IST" name="afterMethod" finished-at="2020-12-08T16:54:01 IST" duration-ms="486" status="PASS">
          <reporter-output>
          </reporter-output>
        </test-method> <!-- afterMethod -->
      </class> <!-- com.atmecs.practise.testscript.ContactUsTest -->
      <class name="com.atmecs.practise.testscript.SearchProductTest">
        <test-method is-config="true" signature="initBrowser()[pri:0, instance:com.atmecs.practise.testscript.SearchProductTest@3a079870]" started-at="2020-12-08T16:51:52 IST" name="initBrowser" finished-at="2020-12-08T16:51:56 IST" duration-ms="4306" status="PASS">
          <reporter-output>
          </reporter-output>
        </test-method> <!-- initBrowser -->
        <test-method signature="contactUs(java.lang.String)[pri:0, instance:com.atmecs.practise.testscript.SearchProductTest@3a079870]" started-at="2020-12-08T16:51:56 IST" name="contactUs" data-provider="testData" finished-at="2020-12-08T16:51:57 IST" duration-ms="1201" status="FAIL">
          <exception class="org.testng.internal.reflect.MethodMatcherException">
            <message>
              <![CDATA[
[public void com.atmecs.practise.testscript.SearchProductTest.contactUs(java.lang.String) throws java.lang.InterruptedException,java.io.IOException] has no parameters defined but was found to be using a data provider (either explicitly specified or inherited from class level annotation).
Data provider mismatch
Method: contactUs([Parameter{index=0, type=java.lang.String, declaredAnnotations=[]}])
Arguments: [(java.lang.String) abc@gmail.com,(java.lang.String) abc]]]>
            </message>
            <full-stacktrace>
              <![CDATA[org.testng.internal.reflect.MethodMatcherException: 
[public void com.atmecs.practise.testscript.SearchProductTest.contactUs(java.lang.String) throws java.lang.InterruptedException,java.io.IOException] has no parameters defined but was found to be using a data provider (either explicitly specified or inherited from class level annotation).
Data provider mismatch
Method: contactUs([Parameter{index=0, type=java.lang.String, declaredAnnotations=[]}])
Arguments: [(java.lang.String) abc@gmail.com,(java.lang.String) abc]
at org.testng.internal.reflect.DataProviderMethodMatcher.getConformingArguments(DataProviderMethodMatcher.java:43)
at org.testng.internal.Parameters.injectParameters(Parameters.java:905)
at org.testng.internal.MethodRunner.runInSequence(MethodRunner.java:34)
at org.testng.internal.TestInvoker$MethodInvocationAgent.invoke(TestInvoker.java:822)
at org.testng.internal.TestInvoker.invokeTestMethods(TestInvoker.java:147)
at org.testng.internal.TestMethodWorker.invokeTestMethods(TestMethodWorker.java:146)
at org.testng.internal.TestMethodWorker.run(TestMethodWorker.java:128)
at java.base/java.util.ArrayList.forEach(ArrayList.java:1510)
at org.testng.TestRunner.privateRun(TestRunner.java:764)
at org.testng.TestRunner.run(TestRunner.java:585)
at org.testng.SuiteRunner.runTest(SuiteRunner.java:384)
at org.testng.SuiteRunner.access$000(SuiteRunner.java:28)
at org.testng.SuiteRunner$SuiteWorker.run(SuiteRunner.java:425)
at org.testng.internal.thread.ThreadUtil.lambda$execute$0(ThreadUtil.java:66)
at java.base/java.util.concurrent.FutureTask.run(FutureTask.java:264)
at java.base/java.util.concurrent.ThreadPoolExecutor.runWorker(ThreadPoolExecutor.java:1130)
at java.base/java.util.concurrent.ThreadPoolExecutor$Worker.run(ThreadPoolExecutor.java:630)
at java.base/java.lang.Thread.run(Thread.java:832)
]]>
            </full-stacktrace>
          </exception> <!-- org.testng.internal.reflect.MethodMatcherException -->
          <reporter-output>
          </reporter-output>
        </test-method> <!-- contactUs -->
      </class> <!-- com.atmecs.practise.testscript.SearchProductTest -->
    </test> <!-- ChromeTest -->
    <test started-at="2020-12-08T16:51:52 IST" name="FirefoxTest" finished-at="2020-12-08T16:54:15 IST" duration-ms="142900">
      <class name="com.atmecs.practise.testscript.ContactUsTest">
        <test-method is-config="true" signature="beforeMethod(java.lang.String)[pri:0, instance:com.atmecs.practise.testscript.ContactUsTest@1d76aeea]" started-at="2020-12-08T16:51:58 IST" name="beforeMethod" finished-at="2020-12-08T16:52:15 IST" duration-ms="17638" status="PASS">
          <params>
            <param index="0">
              <value>
                <![CDATA[firefox]]>
              </value>
            </param>
          </params>
          <reporter-output>
          </reporter-output>
        </test-method> <!-- beforeMethod -->
        <test-method signature="contactUs(java.lang.String, java.lang.String)[pri:0, instance:com.atmecs.practise.testscript.ContactUsTest@1d76aeea]" started-at="2020-12-08T16:52:15 IST" name="contactUs" data-provider="testData" finished-at="2020-12-08T16:52:21 IST" duration-ms="6202" status="PASS">
          <params>
            <param index="0">
              <value>
                <![CDATA[abc@gmail.com]]>
              </value>
            </param>
            <param index="1">
              <value>
                <![CDATA[abc]]>
              </value>
            </param>
          </params>
          <reporter-output>
          </reporter-output>
        </test-method> <!-- contactUs -->
        <test-method is-config="true" signature="afterMethod()[pri:0, instance:com.atmecs.practise.testscript.ContactUsTest@1d76aeea]" started-at="2020-12-08T16:52:21 IST" name="afterMethod" finished-at="2020-12-08T16:52:26 IST" duration-ms="4435" status="PASS">
          <reporter-output>
          </reporter-output>
        </test-method> <!-- afterMethod -->
        <test-method is-config="true" signature="beforeMethod(java.lang.String)[pri:0, instance:com.atmecs.practise.testscript.ContactUsTest@1d76aeea]" started-at="2020-12-08T16:52:26 IST" name="beforeMethod" finished-at="2020-12-08T16:52:44 IST" duration-ms="17803" status="PASS">
          <params>
            <param index="0">
              <value>
                <![CDATA[firefox]]>
              </value>
            </param>
          </params>
          <reporter-output>
          </reporter-output>
        </test-method> <!-- beforeMethod -->
        <test-method signature="contactUs(java.lang.String, java.lang.String)[pri:0, instance:com.atmecs.practise.testscript.ContactUsTest@1d76aeea]" started-at="2020-12-08T16:52:44 IST" name="contactUs" data-provider="testData" finished-at="2020-12-08T16:52:49 IST" duration-ms="4992" status="PASS">
          <params>
            <param index="0">
              <value>
                <![CDATA[def@gmail.com]]>
              </value>
            </param>
            <param index="1">
              <value>
                <![CDATA[def]]>
              </value>
            </param>
          </params>
          <reporter-output>
          </reporter-output>
        </test-method> <!-- contactUs -->
        <test-method is-config="true" signature="afterMethod()[pri:0, instance:com.atmecs.practise.testscript.ContactUsTest@1d76aeea]" started-at="2020-12-08T16:52:49 IST" name="afterMethod" finished-at="2020-12-08T16:52:52 IST" duration-ms="3713" status="PASS">
          <reporter-output>
          </reporter-output>
        </test-method> <!-- afterMethod -->
        <test-method is-config="true" signature="beforeMethod(java.lang.String)[pri:0, instance:com.atmecs.practise.testscript.ContactUsTest@1d76aeea]" started-at="2020-12-08T16:52:52 IST" name="beforeMethod" finished-at="2020-12-08T16:53:13 IST" duration-ms="20504" status="PASS">
          <params>
            <param index="0">
              <value>
                <![CDATA[firefox]]>
              </value>
            </param>
          </params>
          <reporter-output>
          </reporter-output>
        </test-method> <!-- beforeMethod -->
        <test-method signature="contactUs(java.lang.String, java.lang.String)[pri:0, instance:com.atmecs.practise.testscript.ContactUsTest@1d76aeea]" started-at="2020-12-08T16:53:13 IST" name="contactUs" data-provider="testData" finished-at="2020-12-08T16:53:19 IST" duration-ms="5723" status="PASS">
          <params>
            <param index="0">
              <value>
                <![CDATA[ghi@gmail.com]]>
              </value>
            </param>
            <param index="1">
              <value>
                <![CDATA[ghi]]>
              </value>
            </param>
          </params>
          <reporter-output>
          </reporter-output>
        </test-method> <!-- contactUs -->
        <test-method is-config="true" signature="afterMethod()[pri:0, instance:com.atmecs.practise.testscript.ContactUsTest@1d76aeea]" started-at="2020-12-08T16:53:19 IST" name="afterMethod" finished-at="2020-12-08T16:53:27 IST" duration-ms="8695" status="PASS">
          <reporter-output>
          </reporter-output>
        </test-method> <!-- afterMethod -->
        <test-method is-config="true" signature="beforeMethod(java.lang.String)[pri:0, instance:com.atmecs.practise.testscript.ContactUsTest@1d76aeea]" started-at="2020-12-08T16:53:27 IST" name="beforeMethod" finished-at="2020-12-08T16:53:42 IST" duration-ms="14663" status="PASS">
          <params>
            <param index="0">
              <value>
                <![CDATA[firefox]]>
              </value>
            </param>
          </params>
          <reporter-output>
          </reporter-output>
        </test-method> <!-- beforeMethod -->
        <test-method signature="contactUs(java.lang.String, java.lang.String)[pri:0, instance:com.atmecs.practise.testscript.ContactUsTest@1d76aeea]" started-at="2020-12-08T16:53:42 IST" name="contactUs" data-provider="testData" finished-at="2020-12-08T16:53:47 IST" duration-ms="4600" status="PASS">
          <params>
            <param index="0">
              <value>
                <![CDATA[abc@gmail.com]]>
              </value>
            </param>
            <param index="1">
              <value>
                <![CDATA[abc]]>
              </value>
            </param>
          </params>
          <reporter-output>
          </reporter-output>
        </test-method> <!-- contactUs -->
        <test-method is-config="true" signature="afterMethod()[pri:0, instance:com.atmecs.practise.testscript.ContactUsTest@1d76aeea]" started-at="2020-12-08T16:53:47 IST" name="afterMethod" finished-at="2020-12-08T16:53:50 IST" duration-ms="3066" status="PASS">
          <reporter-output>
          </reporter-output>
        </test-method> <!-- afterMethod -->
        <test-method is-config="true" signature="beforeMethod(java.lang.String)[pri:0, instance:com.atmecs.practise.testscript.ContactUsTest@1d76aeea]" started-at="2020-12-08T16:53:50 IST" name="beforeMethod" finished-at="2020-12-08T16:54:05 IST" duration-ms="15347" status="PASS">
          <params>
            <param index="0">
              <value>
                <![CDATA[firefox]]>
              </value>
            </param>
          </params>
          <reporter-output>
          </reporter-output>
        </test-method> <!-- beforeMethod -->
        <test-method signature="contactUs(java.lang.String, java.lang.String)[pri:0, instance:com.atmecs.practise.testscript.ContactUsTest@1d76aeea]" started-at="2020-12-08T16:54:05 IST" name="contactUs" data-provider="testData" finished-at="2020-12-08T16:54:11 IST" duration-ms="5828" status="PASS">
          <params>
            <param index="0">
              <value>
                <![CDATA[def@gmail.com]]>
              </value>
            </param>
            <param index="1">
              <value>
                <![CDATA[def]]>
              </value>
            </param>
          </params>
          <reporter-output>
          </reporter-output>
        </test-method> <!-- contactUs -->
        <test-method is-config="true" signature="afterMethod()[pri:0, instance:com.atmecs.practise.testscript.ContactUsTest@1d76aeea]" started-at="2020-12-08T16:54:11 IST" name="afterMethod" finished-at="2020-12-08T16:54:15 IST" duration-ms="4027" status="PASS">
          <reporter-output>
          </reporter-output>
        </test-method> <!-- afterMethod -->
      </class> <!-- com.atmecs.practise.testscript.ContactUsTest -->
      <class name="com.atmecs.practise.testscript.SearchProductTest">
        <test-method is-config="true" signature="initBrowser()[pri:0, instance:com.atmecs.practise.testscript.SearchProductTest@290d210d]" started-at="2020-12-08T16:51:52 IST" name="initBrowser" finished-at="2020-12-08T16:51:56 IST" duration-ms="4348" status="PASS">
          <reporter-output>
          </reporter-output>
        </test-method> <!-- initBrowser -->
        <test-method signature="contactUs(java.lang.String)[pri:0, instance:com.atmecs.practise.testscript.SearchProductTest@290d210d]" started-at="2020-12-08T16:51:56 IST" name="contactUs" data-provider="testData" finished-at="2020-12-08T16:51:57 IST" duration-ms="1176" status="FAIL">
          <exception class="org.testng.internal.reflect.MethodMatcherException">
            <message>
              <![CDATA[
[public void com.atmecs.practise.testscript.SearchProductTest.contactUs(java.lang.String) throws java.lang.InterruptedException,java.io.IOException] has no parameters defined but was found to be using a data provider (either explicitly specified or inherited from class level annotation).
Data provider mismatch
Method: contactUs([Parameter{index=0, type=java.lang.String, declaredAnnotations=[]}])
Arguments: [(java.lang.String) abc@gmail.com,(java.lang.String) abc]]]>
            </message>
            <full-stacktrace>
              <![CDATA[org.testng.internal.reflect.MethodMatcherException: 
[public void com.atmecs.practise.testscript.SearchProductTest.contactUs(java.lang.String) throws java.lang.InterruptedException,java.io.IOException] has no parameters defined but was found to be using a data provider (either explicitly specified or inherited from class level annotation).
Data provider mismatch
Method: contactUs([Parameter{index=0, type=java.lang.String, declaredAnnotations=[]}])
Arguments: [(java.lang.String) abc@gmail.com,(java.lang.String) abc]
at org.testng.internal.reflect.DataProviderMethodMatcher.getConformingArguments(DataProviderMethodMatcher.java:43)
at org.testng.internal.Parameters.injectParameters(Parameters.java:905)
at org.testng.internal.MethodRunner.runInSequence(MethodRunner.java:34)
at org.testng.internal.TestInvoker$MethodInvocationAgent.invoke(TestInvoker.java:822)
at org.testng.internal.TestInvoker.invokeTestMethods(TestInvoker.java:147)
at org.testng.internal.TestMethodWorker.invokeTestMethods(TestMethodWorker.java:146)
at org.testng.internal.TestMethodWorker.run(TestMethodWorker.java:128)
at java.base/java.util.ArrayList.forEach(ArrayList.java:1510)
at org.testng.TestRunner.privateRun(TestRunner.java:764)
at org.testng.TestRunner.run(TestRunner.java:585)
at org.testng.SuiteRunner.runTest(SuiteRunner.java:384)
at org.testng.SuiteRunner.access$000(SuiteRunner.java:28)
at org.testng.SuiteRunner$SuiteWorker.run(SuiteRunner.java:425)
at org.testng.internal.thread.ThreadUtil.lambda$execute$0(ThreadUtil.java:66)
at java.base/java.util.concurrent.FutureTask.run(FutureTask.java:264)
at java.base/java.util.concurrent.ThreadPoolExecutor.runWorker(ThreadPoolExecutor.java:1130)
at java.base/java.util.concurrent.ThreadPoolExecutor$Worker.run(ThreadPoolExecutor.java:630)
at java.base/java.lang.Thread.run(Thread.java:832)
]]>
            </full-stacktrace>
          </exception> <!-- org.testng.internal.reflect.MethodMatcherException -->
          <reporter-output>
          </reporter-output>
        </test-method> <!-- contactUs -->
      </class> <!-- com.atmecs.practise.testscript.SearchProductTest -->
    </test> <!-- FirefoxTest -->
  </suite> <!-- Suite -->
</testng-results>
